<?xml version="1.0" encoding="UTF-8"?>
<!-- Generated by org.testng.reporters.JUnitReportReporter -->
<testsuite hostname="akshay" failures="0" tests="4" name="testNG.ParameterPrac" time="0.331" errors="0" timestamp="2022-04-13T12:49:24 IST" skipped="0">
  <testcase classname="testNG.ParameterPrac" name="demo3" time="0.018"/>
  <system-out/>
  <testcase classname="testNG.ParameterPrac" name="demo2" time="0.185"/>
  <system-out/>
  <testcase classname="testNG.ParameterPrac" name="demo1" time="0.032"/>
  <system-out/>
  <testcase classname="testNG.ParameterPrac" name="demo4" time="0.096"/>
  <system-out/>
</testsuite> <!-- testNG.ParameterPrac -->
