<?xml version="1.0" encoding="UTF-8"?>
<!-- Generated by org.testng.reporters.JUnitReportReporter -->
<testsuite hostname="akshay" failures="0" tests="1" name="testNG.TC02" time="18.152" errors="0" timestamp="2022-04-13T15:06:35 IST" skipped="0">
  <testcase classname="testNG.TC02" name="webSite2" time="18.152"/>
  <system-out/>
</testsuite> <!-- testNG.TC02 -->
