<?xml version="1.0" encoding="UTF-8"?>
<!-- Generated by org.testng.reporters.JUnitReportReporter -->
<testsuite hostname="akshay" failures="0" tests="1" name="testNG.TC01" time="98.206" errors="0" timestamp="2022-04-13T15:06:35 IST" skipped="0">
  <testcase classname="testNG.TC01" name="webSite1" time="98.206"/>
  <system-out/>
</testsuite> <!-- testNG.TC01 -->
