<?xml version="1.0" encoding="UTF-8"?>
<!-- Generated by org.testng.reporters.JUnitReportReporter -->
<testsuite hostname="akshay" failures="0" tests="1" name="testNG.TC03" time="63.961" errors="0" timestamp="2022-04-13T15:09:53 IST" skipped="0">
  <testcase classname="testNG.TC03" name="webSite3" time="63.961"/>
  <system-out/>
</testsuite> <!-- testNG.TC03 -->
